{"/home/ubuntu/object-properties/lib/index.js":{"path":"/home/ubuntu/object-properties/lib/index.js","s":{"1":1,"2":1,"3":1,"4":1,"5":1,"6":1,"7":1,"8":1,"9":1,"10":1,"11":1,"12":1,"13":2,"14":1,"15":1,"16":1,"17":1,"18":1,"19":1,"20":1,"21":1,"22":2,"23":1,"24":1,"25":1,"26":2,"27":1},"b":{"1":[1,0],"2":[1,0],"3":[1,0],"4":[2,0],"5":[1,0],"6":[1,0],"7":[1,0],"8":[1,0],"9":[1,1],"10":[1,0],"11":[1,0],"12":[1,0]},"f":{"1":1,"2":2,"3":1,"4":1,"5":2,"6":2},"fnMap":{"1":{"name":"defineProperty","line":32,"loc":{"start":{"line":32,"column":0},"end":{"line":32,"column":58}}},"2":{"name":"defineConstant","line":57,"loc":{"start":{"line":57,"column":0},"end":{"line":57,"column":58}}},"3":{"name":"defineGetter","line":83,"loc":{"start":{"line":83,"column":0},"end":{"line":83,"column":57}}},"4":{"name":"defineSetter","line":108,"loc":{"start":{"line":108,"column":0},"end":{"line":108,"column":57}}},"5":{"name":"defineProperties","line":132,"loc":{"start":{"line":132,"column":0},"end":{"line":132,"column":55}}},"6":{"name":"(anonymous_6)","line":142,"loc":{"start":{"line":142,"column":37},"end":{"line":142,"column":52}}}},"statementMap":{"1":{"start":{"line":15,"column":0},"end":{"line":15,"column":93}},"2":{"start":{"line":17,"column":0},"end":{"line":17,"column":72}},"3":{"start":{"line":19,"column":0},"end":{"line":21,"column":3}},"4":{"start":{"line":22,"column":0},"end":{"line":22,"column":40}},"5":{"start":{"line":23,"column":0},"end":{"line":23,"column":40}},"6":{"start":{"line":24,"column":0},"end":{"line":24,"column":36}},"7":{"start":{"line":25,"column":0},"end":{"line":25,"column":36}},"8":{"start":{"line":26,"column":0},"end":{"line":26,"column":44}},"9":{"start":{"line":32,"column":0},"end":{"line":40,"column":1}},"10":{"start":{"line":33,"column":4},"end":{"line":38,"column":7}},"11":{"start":{"line":39,"column":4},"end":{"line":39,"column":18}},"12":{"start":{"line":57,"column":0},"end":{"line":65,"column":1}},"13":{"start":{"line":58,"column":4},"end":{"line":63,"column":7}},"14":{"start":{"line":64,"column":4},"end":{"line":64,"column":18}},"15":{"start":{"line":83,"column":0},"end":{"line":90,"column":1}},"16":{"start":{"line":84,"column":4},"end":{"line":88,"column":7}},"17":{"start":{"line":89,"column":4},"end":{"line":89,"column":18}},"18":{"start":{"line":108,"column":0},"end":{"line":115,"column":1}},"19":{"start":{"line":109,"column":4},"end":{"line":113,"column":7}},"20":{"start":{"line":114,"column":4},"end":{"line":114,"column":18}},"21":{"start":{"line":132,"column":0},"end":{"line":151,"column":1}},"22":{"start":{"line":133,"column":4},"end":{"line":135,"column":5}},"23":{"start":{"line":134,"column":8},"end":{"line":134,"column":22}},"24":{"start":{"line":137,"column":4},"end":{"line":141,"column":6}},"25":{"start":{"line":142,"column":4},"end":{"line":149,"column":7}},"26":{"start":{"line":143,"column":8},"end":{"line":148,"column":11}},"27":{"start":{"line":150,"column":4},"end":{"line":150,"column":18}}},"branchMap":{"1":{"line":35,"type":"binary-expr","locations":[{"start":{"line":35,"column":19},"end":{"line":35,"column":26}},{"start":{"line":35,"column":30},"end":{"line":35,"column":46}}]},"2":{"line":36,"type":"binary-expr","locations":[{"start":{"line":36,"column":23},"end":{"line":36,"column":30}},{"start":{"line":36,"column":34},"end":{"line":36,"column":54}}]},"3":{"line":37,"type":"binary-expr","locations":[{"start":{"line":37,"column":23},"end":{"line":37,"column":30}},{"start":{"line":37,"column":34},"end":{"line":37,"column":52}}]},"4":{"line":62,"type":"binary-expr","locations":[{"start":{"line":62,"column":23},"end":{"line":62,"column":30}},{"start":{"line":62,"column":34},"end":{"line":62,"column":52}}]},"5":{"line":86,"type":"binary-expr","locations":[{"start":{"line":86,"column":23},"end":{"line":86,"column":30}},{"start":{"line":86,"column":34},"end":{"line":86,"column":54}}]},"6":{"line":87,"type":"binary-expr","locations":[{"start":{"line":87,"column":23},"end":{"line":87,"column":30}},{"start":{"line":87,"column":34},"end":{"line":87,"column":52}}]},"7":{"line":111,"type":"binary-expr","locations":[{"start":{"line":111,"column":23},"end":{"line":111,"column":30}},{"start":{"line":111,"column":34},"end":{"line":111,"column":54}}]},"8":{"line":112,"type":"binary-expr","locations":[{"start":{"line":112,"column":23},"end":{"line":112,"column":30}},{"start":{"line":112,"column":34},"end":{"line":112,"column":52}}]},"9":{"line":133,"type":"if","locations":[{"start":{"line":133,"column":4},"end":{"line":133,"column":4}},{"start":{"line":133,"column":4},"end":{"line":133,"column":4}}]},"10":{"line":138,"type":"binary-expr","locations":[{"start":{"line":138,"column":19},"end":{"line":138,"column":26}},{"start":{"line":138,"column":30},"end":{"line":138,"column":46}}]},"11":{"line":139,"type":"binary-expr","locations":[{"start":{"line":139,"column":23},"end":{"line":139,"column":30}},{"start":{"line":139,"column":34},"end":{"line":139,"column":54}}]},"12":{"line":140,"type":"binary-expr","locations":[{"start":{"line":140,"column":23},"end":{"line":140,"column":30}},{"start":{"line":140,"column":34},"end":{"line":140,"column":52}}]}}}}