{"/home/ubuntu/object-properties/lib/index.js":{"path":"/home/ubuntu/object-properties/lib/index.js","s":{"1":1,"2":1,"3":1,"4":1,"5":1,"6":1,"7":1,"8":1,"9":1,"10":1,"11":1,"12":1,"13":1,"14":1,"15":1,"16":1,"17":6,"18":6,"19":1,"20":10,"21":5,"22":1,"23":6,"24":6,"25":1,"26":2,"27":2,"28":1,"29":2,"30":4,"31":4,"32":4,"33":2,"34":1,"35":2,"36":3,"37":3,"38":3,"39":2,"40":1,"41":1,"42":1,"43":1,"44":2,"45":1,"46":1,"47":1,"48":1,"49":1,"50":1,"51":1,"52":1,"53":1,"54":1,"55":1,"56":1,"57":1,"58":1,"59":3,"60":1,"61":2,"62":2,"63":4,"64":2,"65":1,"66":1},"b":{"1":[6,0],"2":[6,0],"3":[6,0],"4":[10,0],"5":[6,4],"6":[6,4],"7":[2,0],"8":[2,0],"9":[2,0],"10":[2,0],"11":[1,2],"12":[2,1],"13":[2,1],"14":[2,1],"15":[1,0]},"f":{"1":6,"2":10,"3":6,"4":2,"5":2,"6":4,"7":2,"8":3,"9":1,"10":2,"11":1,"12":1,"13":1,"14":1,"15":3,"16":1},"fnMap":{"1":{"name":"defineProperty","line":37,"loc":{"start":{"line":37,"column":0},"end":{"line":37,"column":58}}},"2":{"name":"defineConstant","line":62,"loc":{"start":{"line":62,"column":2},"end":{"line":62,"column":60}}},"3":{"name":"defineGetter","line":88,"loc":{"start":{"line":88,"column":2},"end":{"line":88,"column":59}}},"4":{"name":"defineSetter","line":113,"loc":{"start":{"line":113,"column":2},"end":{"line":113,"column":59}}},"5":{"name":"defineLazyProperty","line":140,"loc":{"start":{"line":140,"column":2},"end":{"line":140,"column":67}}},"6":{"name":"(anonymous_6)","line":143,"loc":{"start":{"line":143,"column":37},"end":{"line":143,"column":49}}},"7":{"name":"defineLazyConstant","line":170,"loc":{"start":{"line":170,"column":2},"end":{"line":170,"column":67}}},"8":{"name":"(anonymous_8)","line":173,"loc":{"start":{"line":173,"column":37},"end":{"line":173,"column":49}}},"9":{"name":"definePrototypeProperty","line":201,"loc":{"start":{"line":201,"column":2},"end":{"line":201,"column":68}}},"10":{"name":"definePrototypeConstant","line":221,"loc":{"start":{"line":221,"column":2},"end":{"line":221,"column":68}}},"11":{"name":"definePrototypeGetter","line":241,"loc":{"start":{"line":241,"column":2},"end":{"line":241,"column":67}}},"12":{"name":"definePrototypeSetter","line":261,"loc":{"start":{"line":261,"column":2},"end":{"line":261,"column":67}}},"13":{"name":"definePrototypeLazyProperty","line":284,"loc":{"start":{"line":284,"column":2},"end":{"line":284,"column":75}}},"14":{"name":"definePrototypeLazyConstant","line":305,"loc":{"start":{"line":305,"column":2},"end":{"line":305,"column":75}}},"15":{"name":"defineProperties","line":326,"loc":{"start":{"line":326,"column":2},"end":{"line":326,"column":57}}},"16":{"name":"defineConstants","line":361,"loc":{"start":{"line":361,"column":2},"end":{"line":361,"column":56}}}},"statementMap":{"1":{"start":{"line":3,"column":0},"end":{"line":5,"column":3}},"2":{"start":{"line":6,"column":0},"end":{"line":6,"column":40}},"3":{"start":{"line":7,"column":0},"end":{"line":7,"column":40}},"4":{"start":{"line":8,"column":0},"end":{"line":8,"column":36}},"5":{"start":{"line":9,"column":0},"end":{"line":9,"column":36}},"6":{"start":{"line":10,"column":0},"end":{"line":10,"column":48}},"7":{"start":{"line":11,"column":0},"end":{"line":11,"column":48}},"8":{"start":{"line":12,"column":0},"end":{"line":12,"column":58}},"9":{"start":{"line":13,"column":0},"end":{"line":13,"column":58}},"10":{"start":{"line":14,"column":0},"end":{"line":14,"column":54}},"11":{"start":{"line":15,"column":0},"end":{"line":15,"column":54}},"12":{"start":{"line":16,"column":0},"end":{"line":16,"column":66}},"13":{"start":{"line":17,"column":0},"end":{"line":17,"column":66}},"14":{"start":{"line":18,"column":0},"end":{"line":18,"column":44}},"15":{"start":{"line":19,"column":0},"end":{"line":19,"column":42}},"16":{"start":{"line":37,"column":0},"end":{"line":45,"column":1}},"17":{"start":{"line":38,"column":4},"end":{"line":43,"column":7}},"18":{"start":{"line":44,"column":4},"end":{"line":44,"column":18}},"19":{"start":{"line":62,"column":2},"end":{"line":70,"column":1}},"20":{"start":{"line":63,"column":4},"end":{"line":68,"column":7}},"21":{"start":{"line":69,"column":4},"end":{"line":69,"column":18}},"22":{"start":{"line":88,"column":2},"end":{"line":95,"column":1}},"23":{"start":{"line":89,"column":4},"end":{"line":93,"column":7}},"24":{"start":{"line":94,"column":4},"end":{"line":94,"column":18}},"25":{"start":{"line":113,"column":2},"end":{"line":120,"column":1}},"26":{"start":{"line":114,"column":4},"end":{"line":118,"column":7}},"27":{"start":{"line":119,"column":4},"end":{"line":119,"column":18}},"28":{"start":{"line":140,"column":2},"end":{"line":152,"column":1}},"29":{"start":{"line":141,"column":4},"end":{"line":150,"column":7}},"30":{"start":{"line":144,"column":8},"end":{"line":144,"column":42}},"31":{"start":{"line":145,"column":8},"end":{"line":145,"column":55}},"32":{"start":{"line":146,"column":8},"end":{"line":146,"column":21}},"33":{"start":{"line":151,"column":4},"end":{"line":151,"column":18}},"34":{"start":{"line":170,"column":2},"end":{"line":182,"column":1}},"35":{"start":{"line":171,"column":4},"end":{"line":180,"column":7}},"36":{"start":{"line":174,"column":8},"end":{"line":174,"column":42}},"37":{"start":{"line":175,"column":8},"end":{"line":175,"column":55}},"38":{"start":{"line":176,"column":8},"end":{"line":176,"column":21}},"39":{"start":{"line":181,"column":4},"end":{"line":181,"column":18}},"40":{"start":{"line":201,"column":2},"end":{"line":204,"column":1}},"41":{"start":{"line":202,"column":4},"end":{"line":202,"column":62}},"42":{"start":{"line":203,"column":4},"end":{"line":203,"column":17}},"43":{"start":{"line":221,"column":2},"end":{"line":224,"column":1}},"44":{"start":{"line":222,"column":4},"end":{"line":222,"column":62}},"45":{"start":{"line":223,"column":4},"end":{"line":223,"column":17}},"46":{"start":{"line":241,"column":2},"end":{"line":244,"column":1}},"47":{"start":{"line":242,"column":4},"end":{"line":242,"column":61}},"48":{"start":{"line":243,"column":4},"end":{"line":243,"column":17}},"49":{"start":{"line":261,"column":2},"end":{"line":264,"column":1}},"50":{"start":{"line":262,"column":4},"end":{"line":262,"column":61}},"51":{"start":{"line":263,"column":4},"end":{"line":263,"column":17}},"52":{"start":{"line":284,"column":2},"end":{"line":287,"column":1}},"53":{"start":{"line":285,"column":4},"end":{"line":285,"column":69}},"54":{"start":{"line":286,"column":4},"end":{"line":286,"column":17}},"55":{"start":{"line":305,"column":2},"end":{"line":308,"column":1}},"56":{"start":{"line":306,"column":4},"end":{"line":306,"column":69}},"57":{"start":{"line":307,"column":4},"end":{"line":307,"column":17}},"58":{"start":{"line":326,"column":2},"end":{"line":345,"column":1}},"59":{"start":{"line":327,"column":4},"end":{"line":329,"column":5}},"60":{"start":{"line":328,"column":8},"end":{"line":328,"column":22}},"61":{"start":{"line":331,"column":4},"end":{"line":335,"column":6}},"62":{"start":{"line":336,"column":4},"end":{"line":343,"column":7}},"63":{"start":{"line":337,"column":8},"end":{"line":342,"column":11}},"64":{"start":{"line":344,"column":4},"end":{"line":344,"column":18}},"65":{"start":{"line":361,"column":2},"end":{"line":367,"column":1}},"66":{"start":{"line":362,"column":4},"end":{"line":366,"column":7}}},"branchMap":{"1":{"line":40,"type":"binary-expr","locations":[{"start":{"line":40,"column":19},"end":{"line":40,"column":26}},{"start":{"line":40,"column":30},"end":{"line":40,"column":46}}]},"2":{"line":41,"type":"binary-expr","locations":[{"start":{"line":41,"column":23},"end":{"line":41,"column":30}},{"start":{"line":41,"column":34},"end":{"line":41,"column":54}}]},"3":{"line":42,"type":"binary-expr","locations":[{"start":{"line":42,"column":20},"end":{"line":42,"column":27}},{"start":{"line":42,"column":31},"end":{"line":42,"column":49}}]},"4":{"line":67,"type":"binary-expr","locations":[{"start":{"line":67,"column":20},"end":{"line":67,"column":27}},{"start":{"line":67,"column":31},"end":{"line":67,"column":49}}]},"5":{"line":91,"type":"binary-expr","locations":[{"start":{"line":91,"column":23},"end":{"line":91,"column":30}},{"start":{"line":91,"column":34},"end":{"line":91,"column":54}}]},"6":{"line":92,"type":"binary-expr","locations":[{"start":{"line":92,"column":20},"end":{"line":92,"column":27}},{"start":{"line":92,"column":31},"end":{"line":92,"column":49}}]},"7":{"line":116,"type":"binary-expr","locations":[{"start":{"line":116,"column":23},"end":{"line":116,"column":30}},{"start":{"line":116,"column":34},"end":{"line":116,"column":54}}]},"8":{"line":117,"type":"binary-expr","locations":[{"start":{"line":117,"column":20},"end":{"line":117,"column":27}},{"start":{"line":117,"column":31},"end":{"line":117,"column":49}}]},"9":{"line":149,"type":"binary-expr","locations":[{"start":{"line":149,"column":20},"end":{"line":149,"column":27}},{"start":{"line":149,"column":31},"end":{"line":149,"column":49}}]},"10":{"line":179,"type":"binary-expr","locations":[{"start":{"line":179,"column":20},"end":{"line":179,"column":27}},{"start":{"line":179,"column":31},"end":{"line":179,"column":49}}]},"11":{"line":327,"type":"if","locations":[{"start":{"line":327,"column":4},"end":{"line":327,"column":4}},{"start":{"line":327,"column":4},"end":{"line":327,"column":4}}]},"12":{"line":332,"type":"binary-expr","locations":[{"start":{"line":332,"column":19},"end":{"line":332,"column":26}},{"start":{"line":332,"column":30},"end":{"line":332,"column":46}}]},"13":{"line":333,"type":"binary-expr","locations":[{"start":{"line":333,"column":23},"end":{"line":333,"column":30}},{"start":{"line":333,"column":34},"end":{"line":333,"column":54}}]},"14":{"line":334,"type":"binary-expr","locations":[{"start":{"line":334,"column":23},"end":{"line":334,"column":30}},{"start":{"line":334,"column":34},"end":{"line":334,"column":52}}]},"15":{"line":365,"type":"binary-expr","locations":[{"start":{"line":365,"column":20},"end":{"line":365,"column":27}},{"start":{"line":365,"column":31},"end":{"line":365,"column":49}}]}}}}