TN:
SF:/home/ubuntu/object-properties/lib/index.js
FN:37,defineProperty
FN:62,defineConstant
FN:88,defineGetter
FN:113,defineSetter
FN:140,defineLazyProperty
FN:143,(anonymous_6)
FN:170,defineLazyConstant
FN:173,(anonymous_8)
FN:201,definePrototypeProperty
FN:221,definePrototypeConstant
FN:241,definePrototypeGetter
FN:261,definePrototypeSetter
FN:284,definePrototypeLazyProperty
FN:305,definePrototypeLazyConstant
FN:326,defineProperties
FN:361,defineConstants
FNF:16
FNH:16
FNDA:6,defineProperty
FNDA:10,defineConstant
FNDA:6,defineGetter
FNDA:2,defineSetter
FNDA:2,defineLazyProperty
FNDA:4,(anonymous_6)
FNDA:2,defineLazyConstant
FNDA:3,(anonymous_8)
FNDA:1,definePrototypeProperty
FNDA:2,definePrototypeConstant
FNDA:1,definePrototypeGetter
FNDA:1,definePrototypeSetter
FNDA:1,definePrototypeLazyProperty
FNDA:1,definePrototypeLazyConstant
FNDA:3,defineProperties
FNDA:1,defineConstants
DA:3,1
DA:6,1
DA:7,1
DA:8,1
DA:9,1
DA:10,1
DA:11,1
DA:12,1
DA:13,1
DA:14,1
DA:15,1
DA:16,1
DA:17,1
DA:18,1
DA:19,1
DA:37,1
DA:38,6
DA:44,6
DA:62,1
DA:63,10
DA:69,5
DA:88,1
DA:89,6
DA:94,6
DA:113,1
DA:114,2
DA:119,2
DA:140,1
DA:141,2
DA:144,4
DA:145,4
DA:146,4
DA:151,2
DA:170,1
DA:171,2
DA:174,3
DA:175,3
DA:176,3
DA:181,2
DA:201,1
DA:202,1
DA:203,1
DA:221,1
DA:222,2
DA:223,1
DA:241,1
DA:242,1
DA:243,1
DA:261,1
DA:262,1
DA:263,1
DA:284,1
DA:285,1
DA:286,1
DA:305,1
DA:306,1
DA:307,1
DA:326,1
DA:327,3
DA:328,1
DA:331,2
DA:336,2
DA:337,4
DA:344,2
DA:361,1
DA:362,1
LF:66
LH:66
BRDA:40,1,0,6
BRDA:40,1,1,0
BRDA:41,2,0,6
BRDA:41,2,1,0
BRDA:42,3,0,6
BRDA:42,3,1,0
BRDA:67,4,0,10
BRDA:67,4,1,0
BRDA:91,5,0,6
BRDA:91,5,1,4
BRDA:92,6,0,6
BRDA:92,6,1,4
BRDA:116,7,0,2
BRDA:116,7,1,0
BRDA:117,8,0,2
BRDA:117,8,1,0
BRDA:149,9,0,2
BRDA:149,9,1,0
BRDA:179,10,0,2
BRDA:179,10,1,0
BRDA:327,11,0,1
BRDA:327,11,1,2
BRDA:332,12,0,2
BRDA:332,12,1,1
BRDA:333,13,0,2
BRDA:333,13,1,1
BRDA:334,14,0,2
BRDA:334,14,1,1
BRDA:365,15,0,1
BRDA:365,15,1,0
BRF:30
BRH:21
end_of_record
