TN:
SF:/home/ubuntu/object-properties/lib/index.js
FN:40,defineProperty
FN:64,defineConstant
FN:89,defineGetter
FN:113,defineSetter
FN:139,defineLazyProperty
FN:140,(anonymous_6)
FN:166,defineLazyConstant
FN:167,(anonymous_8)
FN:194,definePrototypeProperty
FN:213,definePrototypeConstant
FN:232,definePrototypeGetter
FN:251,definePrototypeSetter
FN:273,definePrototypeLazyProperty
FN:293,definePrototypeLazyConstant
FN:313,defineProperties
FN:323,(anonymous_16)
FN:347,defineConstants
FNF:17
FNH:17
FNDA:6,defineProperty
FNDA:10,defineConstant
FNDA:6,defineGetter
FNDA:2,defineSetter
FNDA:2,defineLazyProperty
FNDA:4,(anonymous_6)
FNDA:2,defineLazyConstant
FNDA:3,(anonymous_8)
FNDA:1,definePrototypeProperty
FNDA:2,definePrototypeConstant
FNDA:1,definePrototypeGetter
FNDA:1,definePrototypeSetter
FNDA:1,definePrototypeLazyProperty
FNDA:1,definePrototypeLazyConstant
FNDA:3,defineProperties
FNDA:4,(anonymous_16)
FNDA:1,defineConstants
DA:14,1
DA:16,1
DA:18,1
DA:21,1
DA:22,1
DA:23,1
DA:24,1
DA:25,1
DA:26,1
DA:27,1
DA:28,1
DA:29,1
DA:30,1
DA:31,1
DA:32,1
DA:33,1
DA:34,1
DA:40,1
DA:41,6
DA:47,6
DA:64,1
DA:65,10
DA:71,5
DA:89,1
DA:90,6
DA:95,6
DA:113,1
DA:114,2
DA:119,2
DA:139,1
DA:140,2
DA:141,4
DA:142,4
DA:143,4
DA:148,2
DA:166,1
DA:167,2
DA:168,3
DA:169,3
DA:170,3
DA:175,2
DA:194,1
DA:195,1
DA:196,1
DA:213,1
DA:214,2
DA:215,1
DA:232,1
DA:233,1
DA:234,1
DA:251,1
DA:252,1
DA:253,1
DA:273,1
DA:274,1
DA:275,1
DA:293,1
DA:294,1
DA:295,1
DA:313,1
DA:314,3
DA:315,1
DA:318,2
DA:323,2
DA:324,4
DA:331,2
DA:347,1
DA:348,1
LF:68
LH:68
BRDA:43,1,0,6
BRDA:43,1,1,0
BRDA:44,2,0,6
BRDA:44,2,1,0
BRDA:45,3,0,6
BRDA:45,3,1,0
BRDA:69,4,0,10
BRDA:69,4,1,0
BRDA:92,5,0,6
BRDA:92,5,1,4
BRDA:93,6,0,6
BRDA:93,6,1,4
BRDA:116,7,0,2
BRDA:116,7,1,0
BRDA:117,8,0,2
BRDA:117,8,1,0
BRDA:146,9,0,2
BRDA:146,9,1,0
BRDA:173,10,0,2
BRDA:173,10,1,0
BRDA:314,11,0,1
BRDA:314,11,1,2
BRDA:319,12,0,2
BRDA:319,12,1,1
BRDA:320,13,0,2
BRDA:320,13,1,1
BRDA:321,14,0,2
BRDA:321,14,1,1
BRDA:351,15,0,1
BRDA:351,15,1,0
BRF:30
BRH:21
end_of_record
